Using pre-set license
Built from '2020.3/staging' branch; Version is '2020.3.9f1 (108be757e447) revision 1084391'; Using compiler version '192528614'; Build Type 'Release'
OS: 'Windows 10 Home; OS build 19044.1706; Version 2009; 64bit' Language: 'ko' Physical Memory: 16314 MB
BatchMode: 1, IsHumanControllingUs: 0, StartBugReporterOnCrash: 0, Is64bit: 1, IsPro: 0

 COMMAND LINE ARGUMENTS:
C:\Program Files\Unity\Hub\Editor\2020.3.9f1\Editor\Unity.exe
-adb2
-batchMode
-noUpm
-name
AssetImportWorker0
-projectPath
C:/창의설계/Finaltest
-logFile
Logs/AssetImportWorker0.log
-srvPort
51728
Successfully changed project path to: C:/창의설계/Finaltest
C:/창의설계/Finaltest
Using Asset Import Pipeline V2.
Refreshing native plugins compatible for Editor in 31.75 ms, found 0 plugins.
Preloading 0 native plugins for Editor in 0.00 ms.
Initialize engine version: 2020.3.9f1 (108be757e447)
[Subsystems] Discovering subsystems at path C:/Program Files/Unity/Hub/Editor/2020.3.9f1/Editor/Data/Resources/UnitySubsystems
[Subsystems] Discovering subsystems at path C:/창의설계/Finaltest/Assets
GfxDevice: creating device client; threaded=0
Direct3D:
    Version:  Direct3D 11.0 [level 11.1]
    Renderer: NVIDIA GeForce GTX 1660 SUPER (ID=0x21c4)
    Vendor:   
    VRAM:     5991 MB
    Driver:   27.21.14.5751
Initialize mono
Mono path[0] = 'C:/Program Files/Unity/Hub/Editor/2020.3.9f1/Editor/Data/Managed'
Mono path[1] = 'C:/Program Files/Unity/Hub/Editor/2020.3.9f1/Editor/Data/MonoBleedingEdge/lib/mono/unityjit'
Mono config path = 'C:/Program Files/Unity/Hub/Editor/2020.3.9f1/Editor/Data/MonoBleedingEdge/etc'
Using monoOptions --debugger-agent=transport=dt_socket,embedding=1,server=y,suspend=n,address=127.0.0.1:56536
Begin MonoManager ReloadAssembly
Registering precompiled unity dll's ...
Register platform support module: C:/Program Files/Unity/Hub/Editor/2020.3.9f1/Editor/Data/PlaybackEngines/WindowsStandaloneSupport/UnityEditor.WindowsStandalone.Extensions.dll
Registered in 0.003405 seconds.
Native extension for WindowsStandalone target not found
Refreshing native plugins compatible for Editor in 33.03 ms, found 0 plugins.
Preloading 0 native plugins for Editor in 0.00 ms.
Mono: successfully reloaded assembly
- Completed reload, in  2.514 seconds
Platform modules already initialized, skipping
Registering precompiled user dll's ...
Registered in 0.001016 seconds.
Begin MonoManager ReloadAssembly
Native extension for WindowsStandalone target not found
Refreshing native plugins compatible for Editor in 0.35 ms, found 0 plugins.
Preloading 0 native plugins for Editor in 0.00 ms.
Mono: successfully reloaded assembly
- Completed reload, in  0.775 seconds
Platform modules already initialized, skipping
========================================================================
Worker process is ready to serve import requests
Launched and connected shader compiler UnityShaderCompiler.exe after 0.05 seconds
Refreshing native plugins compatible for Editor in 0.38 ms, found 0 plugins.
Preloading 0 native plugins for Editor in 0.00 ms.
Unloading 1127 Unused Serialized files (Serialized files now loaded: 0)
System memory in use before: 63.7 MB.
System memory in use after: 63.7 MB.

Unloading 10 unused Assets to reduce memory usage. Loaded Objects now: 1574.
Total: 1.470600 ms (FindLiveObjects: 0.123600 ms CreateObjectMapping: 0.030000 ms MarkObjects: 1.236300 ms  DeleteObjects: 0.079400 ms)

========================================================================
Received Import Request.
  path: Assets/Scenes/Menu.unity
  artifactKey: Guid(f17b1a95d4d4d6b449ef47633b563180) Importer(815301076,1909f56bfc062723c751e8b465ee728b)
Start importing Assets/Scenes/Menu.unity using Guid(f17b1a95d4d4d6b449ef47633b563180) Importer(815301076,1909f56bfc062723c751e8b465ee728b)  -> (artifact id: '5a04e7d32d304f8c2afe0567781603be') in 0.015998 seconds
  Import took 0.018049 seconds .

========================================================================
Received Import Request.
  Time since last request: 0.000263 seconds.
  path: Assets/Scenes/SampleScene.unity
  artifactKey: Guid(9fc0d4010bbf28b4594072e72b8655ab) Importer(815301076,1909f56bfc062723c751e8b465ee728b)
Start importing Assets/Scenes/SampleScene.unity using Guid(9fc0d4010bbf28b4594072e72b8655ab) Importer(815301076,1909f56bfc062723c751e8b465ee728b)  -> (artifact id: 'b92253e46b5657e6672f3698881253b0') in 0.007181 seconds
  Import took 0.009454 seconds .

========================================================================
Received Import Request.
  Time since last request: 112.792012 seconds.
  path: Assets/Scenes/Menu.unity
  artifactKey: Guid(f17b1a95d4d4d6b449ef47633b563180) Importer(815301076,1909f56bfc062723c751e8b465ee728b)
Start importing Assets/Scenes/Menu.unity using Guid(f17b1a95d4d4d6b449ef47633b563180) Importer(815301076,1909f56bfc062723c751e8b465ee728b)  -> (artifact id: 'c934d7db7261c211e0b632d99bbecbc9') in 0.004118 seconds
  Import took 0.006218 seconds .

========================================================================
Received Import Request.
  Time since last request: 0.000357 seconds.
  path: Assets/Scenes/Menu.unity
  artifactKey: Guid(f17b1a95d4d4d6b449ef47633b563180) Importer(815301076,1909f56bfc062723c751e8b465ee728b)
Start importing Assets/Scenes/Menu.unity using Guid(f17b1a95d4d4d6b449ef47633b563180) Importer(815301076,1909f56bfc062723c751e8b465ee728b)  -> (artifact id: 'c934d7db7261c211e0b632d99bbecbc9') in 0.003685 seconds
  Import took 0.005800 seconds .

========================================================================
Received Import Request.
  Time since last request: 264.024593 seconds.
  path: Assets/Scenes/Start.unity
  artifactKey: Guid(58455343b97a78949be24692fa1c9385) Importer(815301076,1909f56bfc062723c751e8b465ee728b)
Start importing Assets/Scenes/Start.unity using Guid(58455343b97a78949be24692fa1c9385) Importer(815301076,1909f56bfc062723c751e8b465ee728b)  -> (artifact id: '79595502926e65317d6e1b931ade2e96') in 0.007628 seconds
  Import took 0.009742 seconds .

========================================================================
Received Prepare
Refreshing native plugins compatible for Editor in 1.53 ms, found 0 plugins.
Preloading 0 native plugins for Editor in 0.00 ms.
Unloading 3 Unused Serialized files (Serialized files now loaded: 0)
System memory in use before: 41.0 MB.
System memory in use after: 41.1 MB.

Unloading 3 unused Assets to reduce memory usage. Loaded Objects now: 1574.
Total: 1.903100 ms (FindLiveObjects: 0.140300 ms CreateObjectMapping: 0.026400 ms MarkObjects: 1.683800 ms  DeleteObjects: 0.051200 ms)

========================================================================
Received Import Request.
  Time since last request: 210.862647 seconds.
  path: Assets/Supercyan Character Pack Free Sample/Scripts/SimpleSampleCharacterControl.cs
  artifactKey: Guid(ba158ff05cf30224f94bfdddec8e7635) Importer(815301076,1909f56bfc062723c751e8b465ee728b)
Start importing Assets/Supercyan Character Pack Free Sample/Scripts/SimpleSampleCharacterControl.cs using Guid(ba158ff05cf30224f94bfdddec8e7635) Importer(815301076,1909f56bfc062723c751e8b465ee728b)  -> (artifact id: '1aa3ac7e2ecc1162dc2f72da023ad939') in 0.044829 seconds
  Import took 0.047180 seconds .

========================================================================
Received Import Request.
  Time since last request: 0.299714 seconds.
  path: Assets/Supercyan Character Pack Free Sample/Scripts/FreeCameraLogic.cs
  artifactKey: Guid(7b4faf40b73715d4a839d1c7d0575267) Importer(815301076,1909f56bfc062723c751e8b465ee728b)
Start importing Assets/Supercyan Character Pack Free Sample/Scripts/FreeCameraLogic.cs using Guid(7b4faf40b73715d4a839d1c7d0575267) Importer(815301076,1909f56bfc062723c751e8b465ee728b)  -> (artifact id: '2ef7054cd07a77268f238958134a7121') in 0.006805 seconds
  Import took 0.008757 seconds .

========================================================================
Received Import Request.
  Time since last request: 0.000260 seconds.
  path: Assets/Supercyan Character Pack Free Sample/Scripts/FreeCameraLogic.cs
  artifactKey: Guid(7b4faf40b73715d4a839d1c7d0575267) Importer(815301076,1909f56bfc062723c751e8b465ee728b)
Start importing Assets/Supercyan Character Pack Free Sample/Scripts/FreeCameraLogic.cs using Guid(7b4faf40b73715d4a839d1c7d0575267) Importer(815301076,1909f56bfc062723c751e8b465ee728b)  -> (artifact id: '2ef7054cd07a77268f238958134a7121') in 0.004045 seconds
  Import took 0.005777 seconds .

========================================================================
Received Import Request.
  Time since last request: 1.743149 seconds.
  path: Assets/Supercyan Character Pack Free Sample/Scripts/DemoFree.cs
  artifactKey: Guid(7363fb51bbe95584ea6b81693b2efc38) Importer(815301076,1909f56bfc062723c751e8b465ee728b)
Start importing Assets/Supercyan Character Pack Free Sample/Scripts/DemoFree.cs using Guid(7363fb51bbe95584ea6b81693b2efc38) Importer(815301076,1909f56bfc062723c751e8b465ee728b)  -> (artifact id: '67aa12f78e6570d6896665fda3ad835f') in 0.006849 seconds
  Import took 0.008854 seconds .

========================================================================
Received Prepare
Registering precompiled user dll's ...
Registered in 0.001437 seconds.
Begin MonoManager ReloadAssembly
Native extension for WindowsStandalone target not found
Refreshing native plugins compatible for Editor in 0.34 ms, found 0 plugins.
Preloading 0 native plugins for Editor in 0.00 ms.
Mono: successfully reloaded assembly
- Completed reload, in  0.751 seconds
Platform modules already initialized, skipping
Refreshing native plugins compatible for Editor in 0.43 ms, found 0 plugins.
Preloading 0 native plugins for Editor in 0.00 ms.
Unloading 1119 Unused Serialized files (Serialized files now loaded: 0)
System memory in use before: 63.5 MB.
System memory in use after: 63.6 MB.

Unloading 5 unused Assets to reduce memory usage. Loaded Objects now: 1577.
Total: 1.387300 ms (FindLiveObjects: 0.109000 ms CreateObjectMapping: 0.026000 ms MarkObjects: 1.193300 ms  DeleteObjects: 0.058200 ms)

========================================================================
Received Import Request.
  Time since last request: 73.043958 seconds.
  path: Assets/Scripts/GameManager.cs
  artifactKey: Guid(ff21e2e1d0037984ab8b577fd2eea966) Importer(815301076,1909f56bfc062723c751e8b465ee728b)
Start importing Assets/Scripts/GameManager.cs using Guid(ff21e2e1d0037984ab8b577fd2eea966) Importer(815301076,1909f56bfc062723c751e8b465ee728b)  -> (artifact id: 'a3ebabd9e128667b7cfab5801e36d6e4') in 0.009168 seconds
  Import took 0.011264 seconds .

========================================================================
Received Prepare
Refreshing native plugins compatible for Editor in 1.26 ms, found 0 plugins.
Preloading 0 native plugins for Editor in 0.00 ms.
Unloading 3 Unused Serialized files (Serialized files now loaded: 0)
System memory in use before: 41.4 MB.
System memory in use after: 41.5 MB.

Unloading 3 unused Assets to reduce memory usage. Loaded Objects now: 1577.
Total: 1.653000 ms (FindLiveObjects: 0.128300 ms CreateObjectMapping: 0.024000 ms MarkObjects: 1.448700 ms  DeleteObjects: 0.051100 ms)

========================================================================
Received Prepare
Registering precompiled user dll's ...
Registered in 0.001323 seconds.
Begin MonoManager ReloadAssembly
Native extension for WindowsStandalone target not found
Refreshing native plugins compatible for Editor in 0.35 ms, found 0 plugins.
Preloading 0 native plugins for Editor in 0.00 ms.
Mono: successfully reloaded assembly
- Completed reload, in  0.765 seconds
Platform modules already initialized, skipping
Refreshing native plugins compatible for Editor in 0.34 ms, found 0 plugins.
Preloading 0 native plugins for Editor in 0.00 ms.
Unloading 1119 Unused Serialized files (Serialized files now loaded: 0)
System memory in use before: 63.5 MB.
System memory in use after: 63.6 MB.

Unloading 5 unused Assets to reduce memory usage. Loaded Objects now: 1580.
Total: 1.667400 ms (FindLiveObjects: 0.135300 ms CreateObjectMapping: 0.023900 ms MarkObjects: 1.453200 ms  DeleteObjects: 0.053800 ms)

========================================================================
Received Import Request.
  Time since last request: 193.138689 seconds.
  path: Assets/Scripts/build.cs
  artifactKey: Guid(afe247044eae421428cbb58b8137bab0) Importer(815301076,1909f56bfc062723c751e8b465ee728b)
Start importing Assets/Scripts/build.cs using Guid(afe247044eae421428cbb58b8137bab0) Importer(815301076,1909f56bfc062723c751e8b465ee728b)  -> (artifact id: 'e3f22c0c84a8ab8206b2c8bbed0cb240') in 0.011024 seconds
  Import took 0.013243 seconds .

========================================================================
Received Prepare
Registering precompiled user dll's ...
Registered in 0.001219 seconds.
Begin MonoManager ReloadAssembly
Native extension for WindowsStandalone target not found
Refreshing native plugins compatible for Editor in 0.39 ms, found 0 plugins.
Preloading 0 native plugins for Editor in 0.00 ms.
Mono: successfully reloaded assembly
- Completed reload, in  0.746 seconds
Platform modules already initialized, skipping
Refreshing native plugins compatible for Editor in 0.36 ms, found 0 plugins.
Preloading 0 native plugins for Editor in 0.00 ms.
Unloading 1120 Unused Serialized files (Serialized files now loaded: 0)
System memory in use before: 63.6 MB.
System memory in use after: 63.7 MB.

Unloading 5 unused Assets to reduce memory usage. Loaded Objects now: 1584.
Total: 1.528800 ms (FindLiveObjects: 0.146300 ms CreateObjectMapping: 0.027600 ms MarkObjects: 1.293900 ms  DeleteObjects: 0.059900 ms)

========================================================================
Received Prepare
Registering precompiled user dll's ...
Registered in 0.001237 seconds.
Begin MonoManager ReloadAssembly
Native extension for WindowsStandalone target not found
Refreshing native plugins compatible for Editor in 0.35 ms, found 0 plugins.
Preloading 0 native plugins for Editor in 0.00 ms.
Mono: successfully reloaded assembly
- Completed reload, in  0.726 seconds
Platform modules already initialized, skipping
Refreshing native plugins compatible for Editor in 0.35 ms, found 0 plugins.
Preloading 0 native plugins for Editor in 0.00 ms.
Unloading 1120 Unused Serialized files (Serialized files now loaded: 0)
System memory in use before: 63.6 MB.
System memory in use after: 63.7 MB.

Unloading 5 unused Assets to reduce memory usage. Loaded Objects now: 1587.
Total: 1.401400 ms (FindLiveObjects: 0.110700 ms CreateObjectMapping: 0.025500 ms MarkObjects: 1.207600 ms  DeleteObjects: 0.056700 ms)

========================================================================
Received Import Request.
  Time since last request: 13.903382 seconds.
  path: Assets/Scripts/build.cs
  artifactKey: Guid(afe247044eae421428cbb58b8137bab0) Importer(815301076,1909f56bfc062723c751e8b465ee728b)
Start importing Assets/Scripts/build.cs using Guid(afe247044eae421428cbb58b8137bab0) Importer(815301076,1909f56bfc062723c751e8b465ee728b)  -> (artifact id: '095069114b5e8b80e3cd8ca6bcbbc4c6') in 0.005973 seconds
  Import took 0.007905 seconds .

========================================================================
Received Import Request.
  Time since last request: 20.275084 seconds.
  path: Assets/Scenes/Menu.unity
  artifactKey: Guid(f17b1a95d4d4d6b449ef47633b563180) Importer(815301076,1909f56bfc062723c751e8b465ee728b)
Start importing Assets/Scenes/Menu.unity using Guid(f17b1a95d4d4d6b449ef47633b563180) Importer(815301076,1909f56bfc062723c751e8b465ee728b)  -> (artifact id: 'aece1ade8af9241a694b8c67f2845016') in 0.023107 seconds
  Import took 0.025159 seconds .

========================================================================
Received Import Request.
  Time since last request: 11.793793 seconds.
  path: Assets/Scenes/Start.unity
  artifactKey: Guid(58455343b97a78949be24692fa1c9385) Importer(815301076,1909f56bfc062723c751e8b465ee728b)
Start importing Assets/Scenes/Start.unity using Guid(58455343b97a78949be24692fa1c9385) Importer(815301076,1909f56bfc062723c751e8b465ee728b)  -> (artifact id: 'fe3d47bce3b1a7425911d3010130ef7c') in 0.005349 seconds
  Import took 0.007408 seconds .

========================================================================
Received Prepare
Refreshing native plugins compatible for Editor in 1.15 ms, found 0 plugins.
Preloading 0 native plugins for Editor in 0.00 ms.
Unloading 3 Unused Serialized files (Serialized files now loaded: 0)
System memory in use before: 41.4 MB.
System memory in use after: 41.5 MB.

Unloading 3 unused Assets to reduce memory usage. Loaded Objects now: 1587.
Total: 1.702900 ms (FindLiveObjects: 0.128600 ms CreateObjectMapping: 0.024100 ms MarkObjects: 1.501000 ms  DeleteObjects: 0.048200 ms)

========================================================================
Received Prepare
Registering precompiled user dll's ...
Registered in 0.001357 seconds.
Begin MonoManager ReloadAssembly
Native extension for WindowsStandalone target not found
Refreshing native plugins compatible for Editor in 0.44 ms, found 0 plugins.
Preloading 0 native plugins for Editor in 0.00 ms.
Mono: successfully reloaded assembly
- Completed reload, in  0.729 seconds
Platform modules already initialized, skipping
Refreshing native plugins compatible for Editor in 0.36 ms, found 0 plugins.
Preloading 0 native plugins for Editor in 0.00 ms.
Unloading 1120 Unused Serialized files (Serialized files now loaded: 0)
System memory in use before: 63.6 MB.
System memory in use after: 63.7 MB.

Unloading 5 unused Assets to reduce memory usage. Loaded Objects now: 1590.
Total: 1.520400 ms (FindLiveObjects: 0.139400 ms CreateObjectMapping: 0.023800 ms MarkObjects: 1.296700 ms  DeleteObjects: 0.059300 ms)

========================================================================
Received Prepare
Refreshing native plugins compatible for Editor in 1.29 ms, found 0 plugins.
Preloading 0 native plugins for Editor in 0.00 ms.
Unloading 3 Unused Serialized files (Serialized files now loaded: 0)
System memory in use before: 41.4 MB.
System memory in use after: 41.5 MB.

Unloading 3 unused Assets to reduce memory usage. Loaded Objects now: 1590.
Total: 1.446000 ms (FindLiveObjects: 0.141200 ms CreateObjectMapping: 0.027200 ms MarkObjects: 1.228100 ms  DeleteObjects: 0.048700 ms)

========================================================================
Received Prepare
Registering precompiled user dll's ...
Registered in 0.001367 seconds.
Begin MonoManager ReloadAssembly
Native extension for WindowsStandalone target not found
Refreshing native plugins compatible for Editor in 0.34 ms, found 0 plugins.
Preloading 0 native plugins for Editor in 0.00 ms.
Mono: successfully reloaded assembly
- Completed reload, in  0.734 seconds
Platform modules already initialized, skipping
Refreshing native plugins compatible for Editor in 0.34 ms, found 0 plugins.
Preloading 0 native plugins for Editor in 0.00 ms.
Unloading 1120 Unused Serialized files (Serialized files now loaded: 0)
System memory in use before: 63.6 MB.
System memory in use after: 63.7 MB.

Unloading 5 unused Assets to reduce memory usage. Loaded Objects now: 1593.
Total: 1.578000 ms (FindLiveObjects: 0.133900 ms CreateObjectMapping: 0.026600 ms MarkObjects: 1.359600 ms  DeleteObjects: 0.057000 ms)

========================================================================
Received Prepare
Refreshing native plugins compatible for Editor in 1.25 ms, found 0 plugins.
Preloading 0 native plugins for Editor in 0.00 ms.
Unloading 3 Unused Serialized files (Serialized files now loaded: 0)
System memory in use before: 41.4 MB.
System memory in use after: 41.5 MB.

Unloading 3 unused Assets to reduce memory usage. Loaded Objects now: 1593.
Total: 1.751500 ms (FindLiveObjects: 0.133600 ms CreateObjectMapping: 0.024800 ms MarkObjects: 1.535500 ms  DeleteObjects: 0.056600 ms)

========================================================================
Received Prepare
Refreshing native plugins compatible for Editor in 1.27 ms, found 0 plugins.
Preloading 0 native plugins for Editor in 0.00 ms.
Unloading 3 Unused Serialized files (Serialized files now loaded: 0)
System memory in use before: 41.4 MB.
System memory in use after: 41.5 MB.

Unloading 3 unused Assets to reduce memory usage. Loaded Objects now: 1593.
Total: 1.511100 ms (FindLiveObjects: 0.174400 ms CreateObjectMapping: 0.047300 ms MarkObjects: 1.240100 ms  DeleteObjects: 0.048600 ms)

========================================================================
Received Prepare
Registering precompiled user dll's ...
Registered in 0.001383 seconds.
Begin MonoManager ReloadAssembly
Native extension for WindowsStandalone target not found
Refreshing native plugins compatible for Editor in 0.35 ms, found 0 plugins.
Preloading 0 native plugins for Editor in 0.00 ms.
Mono: successfully reloaded assembly
- Completed reload, in  0.728 seconds
Platform modules already initialized, skipping
Refreshing native plugins compatible for Editor in 0.37 ms, found 0 plugins.
Preloading 0 native plugins for Editor in 0.00 ms.
Unloading 1120 Unused Serialized files (Serialized files now loaded: 0)
System memory in use before: 63.6 MB.
System memory in use after: 63.7 MB.

Unloading 5 unused Assets to reduce memory usage. Loaded Objects now: 1596.
Total: 1.639000 ms (FindLiveObjects: 0.143000 ms CreateObjectMapping: 0.029700 ms MarkObjects: 1.410100 ms  DeleteObjects: 0.055000 ms)

========================================================================
Received Import Request.
  Time since last request: 413.219417 seconds.
  path: Assets/Scripts/GameManager.cs
  artifactKey: Guid(ff21e2e1d0037984ab8b577fd2eea966) Importer(815301076,1909f56bfc062723c751e8b465ee728b)
Start importing Assets/Scripts/GameManager.cs using Guid(ff21e2e1d0037984ab8b577fd2eea966) Importer(815301076,1909f56bfc062723c751e8b465ee728b)  -> (artifact id: '2dbaaa91073539c542d0467730f5235c') in 0.006381 seconds
  Import took 0.008476 seconds .

========================================================================
Received Import Request.
  Time since last request: 0.021583 seconds.
  path: Assets/Scripts/GameManager.cs
  artifactKey: Guid(ff21e2e1d0037984ab8b577fd2eea966) Importer(815301076,1909f56bfc062723c751e8b465ee728b)
Start importing Assets/Scripts/GameManager.cs using Guid(ff21e2e1d0037984ab8b577fd2eea966) Importer(815301076,1909f56bfc062723c751e8b465ee728b)  -> (artifact id: '2dbaaa91073539c542d0467730f5235c') in 0.004738 seconds
  Import took 0.006539 seconds .

========================================================================
Received Import Request.
  Time since last request: 6.009987 seconds.
  path: Assets/Scenes/Menu.unity
  artifactKey: Guid(f17b1a95d4d4d6b449ef47633b563180) Importer(815301076,1909f56bfc062723c751e8b465ee728b)
Start importing Assets/Scenes/Menu.unity using Guid(f17b1a95d4d4d6b449ef47633b563180) Importer(815301076,1909f56bfc062723c751e8b465ee728b)  -> (artifact id: '1414615e2a06f9c84024ce7d6a887797') in 0.021605 seconds
  Import took 0.023645 seconds .

========================================================================
Received Import Request.
  Time since last request: 21.523620 seconds.
  path: Assets/Scenes/Start.unity
  artifactKey: Guid(58455343b97a78949be24692fa1c9385) Importer(815301076,1909f56bfc062723c751e8b465ee728b)
Start importing Assets/Scenes/Start.unity using Guid(58455343b97a78949be24692fa1c9385) Importer(815301076,1909f56bfc062723c751e8b465ee728b)  -> (artifact id: '478f221f31ed32bb497c6ff215a9bf06') in 0.005086 seconds
  Import took 0.007194 seconds .

========================================================================
Received Prepare
Refreshing native plugins compatible for Editor in 1.48 ms, found 0 plugins.
Preloading 0 native plugins for Editor in 0.00 ms.
Unloading 3 Unused Serialized files (Serialized files now loaded: 0)
System memory in use before: 41.5 MB.
System memory in use after: 41.6 MB.

Unloading 3 unused Assets to reduce memory usage. Loaded Objects now: 1596.
Total: 1.833100 ms (FindLiveObjects: 0.146800 ms CreateObjectMapping: 0.028200 ms MarkObjects: 1.611300 ms  DeleteObjects: 0.045800 ms)

========================================================================
Received Prepare
Registering precompiled user dll's ...
Registered in 0.001153 seconds.
Begin MonoManager ReloadAssembly
Native extension for WindowsStandalone target not found
Refreshing native plugins compatible for Editor in 0.34 ms, found 0 plugins.
Preloading 0 native plugins for Editor in 0.00 ms.
Mono: successfully reloaded assembly
- Completed reload, in  0.754 seconds
Platform modules already initialized, skipping
Refreshing native plugins compatible for Editor in 0.36 ms, found 0 plugins.
Preloading 0 native plugins for Editor in 0.00 ms.
Unloading 1120 Unused Serialized files (Serialized files now loaded: 0)
System memory in use before: 63.7 MB.
System memory in use after: 63.8 MB.

Unloading 5 unused Assets to reduce memory usage. Loaded Objects now: 1599.
Total: 1.713200 ms (FindLiveObjects: 0.148200 ms CreateObjectMapping: 0.028000 ms MarkObjects: 1.482500 ms  DeleteObjects: 0.053200 ms)

========================================================================
Received Prepare
Refreshing native plugins compatible for Editor in 1.33 ms, found 0 plugins.
Preloading 0 native plugins for Editor in 0.00 ms.
Unloading 3 Unused Serialized files (Serialized files now loaded: 0)
System memory in use before: 41.5 MB.
System memory in use after: 41.6 MB.

Unloading 3 unused Assets to reduce memory usage. Loaded Objects now: 1599.
Total: 1.454100 ms (FindLiveObjects: 0.132300 ms CreateObjectMapping: 0.025600 ms MarkObjects: 1.253100 ms  DeleteObjects: 0.042200 ms)

========================================================================
Received Import Request.
  Time since last request: 154.837795 seconds.
  path: Assets/Scenes/Menu.unity
  artifactKey: Guid(f17b1a95d4d4d6b449ef47633b563180) Importer(815301076,1909f56bfc062723c751e8b465ee728b)
Start importing Assets/Scenes/Menu.unity using Guid(f17b1a95d4d4d6b449ef47633b563180) Importer(815301076,1909f56bfc062723c751e8b465ee728b)  -> (artifact id: 'a39723a25503c580bb91958acc35fe51') in 0.015125 seconds
  Import took 0.017204 seconds .

========================================================================
Received Import Request.
  Time since last request: 5.777442 seconds.
  path: Assets/Scenes/Start.unity
  artifactKey: Guid(58455343b97a78949be24692fa1c9385) Importer(815301076,1909f56bfc062723c751e8b465ee728b)
Start importing Assets/Scenes/Start.unity using Guid(58455343b97a78949be24692fa1c9385) Importer(815301076,1909f56bfc062723c751e8b465ee728b)  -> (artifact id: '528859f27d41e91679bcc2f37764776c') in 0.004961 seconds
  Import took 0.007168 seconds .

========================================================================
Received Prepare
Refreshing native plugins compatible for Editor in 1.48 ms, found 0 plugins.
Preloading 0 native plugins for Editor in 0.00 ms.
Unloading 3 Unused Serialized files (Serialized files now loaded: 0)
System memory in use before: 41.5 MB.
System memory in use after: 41.6 MB.

Unloading 3 unused Assets to reduce memory usage. Loaded Objects now: 1599.
Total: 1.935300 ms (FindLiveObjects: 0.147200 ms CreateObjectMapping: 0.027400 ms MarkObjects: 1.702700 ms  DeleteObjects: 0.057200 ms)

========================================================================
Received Import Request.
  Time since last request: 151.796422 seconds.
  path: Assets/Scenes/Menu.unity
  artifactKey: Guid(f17b1a95d4d4d6b449ef47633b563180) Importer(815301076,1909f56bfc062723c751e8b465ee728b)
Start importing Assets/Scenes/Menu.unity using Guid(f17b1a95d4d4d6b449ef47633b563180) Importer(815301076,1909f56bfc062723c751e8b465ee728b)  -> (artifact id: '620e0841eb07f16bd70f5b86b26a4713') in 0.006844 seconds
  Import took 0.009147 seconds .

========================================================================
Received Import Request.
  Time since last request: 3.086704 seconds.
  path: Assets/Scenes/Start.unity
  artifactKey: Guid(58455343b97a78949be24692fa1c9385) Importer(815301076,1909f56bfc062723c751e8b465ee728b)
Start importing Assets/Scenes/Start.unity using Guid(58455343b97a78949be24692fa1c9385) Importer(815301076,1909f56bfc062723c751e8b465ee728b)  -> (artifact id: 'a65f40a50d7faed97f8c88df1093f764') in 0.005024 seconds
  Import took 0.007212 seconds .

========================================================================
Received Prepare
Refreshing native plugins compatible for Editor in 1.20 ms, found 0 plugins.
Preloading 0 native plugins for Editor in 0.00 ms.
Unloading 3 Unused Serialized files (Serialized files now loaded: 0)
System memory in use before: 41.6 MB.
System memory in use after: 41.7 MB.

Unloading 3 unused Assets to reduce memory usage. Loaded Objects now: 1599.
Total: 1.866300 ms (FindLiveObjects: 0.132500 ms CreateObjectMapping: 0.024000 ms MarkObjects: 1.665700 ms  DeleteObjects: 0.043400 ms)

========================================================================
Received Prepare
Refreshing native plugins compatible for Editor in 1.80 ms, found 0 plugins.
Preloading 0 native plugins for Editor in 0.00 ms.
Unloading 3 Unused Serialized files (Serialized files now loaded: 0)
System memory in use before: 41.6 MB.
System memory in use after: 41.7 MB.

Unloading 3 unused Assets to reduce memory usage. Loaded Objects now: 1599.
Total: 1.842800 ms (FindLiveObjects: 0.148100 ms CreateObjectMapping: 0.029200 ms MarkObjects: 1.608000 ms  DeleteObjects: 0.056600 ms)

AssetImportWorkerClient::OnTransportError - code=2 error=End of file
